# JRE version: OpenJDK Runtime Environment Corretto-11.0.12.7.2 (11.0.12+7) (build 11.0.12+7-LTS)
# Java VM: OpenJDK 64-Bit Server VM Corretto-11.0.12.7.2 (11.0.12+7-LTS, mixed mode, tiered, compressed oops, g1 gc, bsd-amd64)
Heap:
 garbage-first heap   total 367616K, used 352732K [0x0000000780000000, 0x0000000800000000)
  region size 1024K, 6 young (6144K), 1 survivors (1024K)
 Metaspace       used 18724K, capacity 19288K, committed 19584K, reserved 1067008K
  class space    used 2104K, capacity 2326K, committed 2432K, reserved 1048576K
GC Heap History (20 events):
Event: 639.292 GC heap before
{Heap before GC invocations=99 (full 0):
 garbage-first heap   total 367616K, used 365018K [0x0000000780000000, 0x0000000800000000)
  region size 1024K, 17 young (17408K), 1 survivors (1024K)
 Metaspace       used 18724K, capacity 19288K, committed 19584K, reserved 1067008K
  class space    used 2104K, capacity 2326K, committed 2432K, reserved 1048576K
}
Event: 639.295 GC heap after
{Heap after GC invocations=100 (full 0):
 garbage-first heap   total 367616K, used 348636K [0x0000000780000000, 0x0000000800000000)
  region size 1024K, 1 young (1024K), 1 survivors (1024K)
 Metaspace       used 18724K, capacity 19288K, committed 19584K, reserved 1067008K
  class space    used 2104K, capacity 2326K, committed 2432K, reserved 1048576K
}
Event: 662.777 GC heap before
{Heap before GC invocations=101 (full 0):
 garbage-first heap   total 367616K, used 365020K [0x0000000780000000, 0x0000000800000000)
  region size 1024K, 17 young (17408K), 1 survivors (1024K)
 Metaspace       used 18724K, capacity 19288K, committed 19584K, reserved 1067008K
  class space    used 2104K, capacity 2326K, committed 2432K, reserved 1048576K
}
Event: 662.780 GC heap after
{Heap after GC invocations=102 (full 0):
 garbage-first heap   total 367616K, used 348638K [0x0000000780000000, 0x0000000800000000)
  region size 1024K, 1 young (1024K), 1 survivors (1024K)
 Metaspace       used 18724K, capacity 19288K, committed 19584K, reserved 1067008K
  class space    used 2104K, capacity 2326K, committed 2432K, reserved 1048576K
}
Event: 686.059 GC heap before
{Heap before GC invocations=102 (full 0):
 garbage-first heap   total 367616K, used 365022K [0x0000000780000000, 0x0000000800000000)
  region size 1024K, 17 young (17408K), 1 survivors (1024K)
 Metaspace       used 18724K, capacity 19288K, committed 19584K, reserved 1067008K
  class space    used 2104K, capacity 2326K, committed 2432K, reserved 1048576K
}
Event: 686.065 GC heap after
{Heap after GC invocations=103 (full 0):
 garbage-first heap   total 367616K, used 348636K [0x0000000780000000, 0x0000000800000000)
  region size 1024K, 1 young (1024K), 1 survivors (1024K)
 Metaspace       used 18724K, capacity 19288K, committed 19584K, reserved 1067008K
  class space    used 2104K, capacity 2326K, committed 2432K, reserved 1048576K
}
Event: 709.357 GC heap before
{Heap before GC invocations=104 (full 0):
 garbage-first heap   total 367616K, used 365020K [0x0000000780000000, 0x0000000800000000)
  region size 1024K, 17 young (17408K), 1 survivors (1024K)
 Metaspace       used 18724K, capacity 19288K, committed 19584K, reserved 1067008K
  class space    used 2104K, capacity 2326K, committed 2432K, reserved 1048576K
}
Event: 709.359 GC heap after
{Heap after GC invocations=105 (full 0):
 garbage-first heap   total 367616K, used 348634K [0x0000000780000000, 0x0000000800000000)
  region size 1024K, 1 young (1024K), 1 survivors (1024K)
 Metaspace       used 18724K, capacity 19288K, committed 19584K, reserved 1067008K
  class space    used 2104K, capacity 2326K, committed 2432K, reserved 1048576K
}
Event: 732.675 GC heap before
{Heap before GC invocations=105 (full 0):
 garbage-first heap   total 367616K, used 365018K [0x0000000780000000, 0x0000000800000000)
  region size 1024K, 17 young (17408K), 1 survivors (1024K)
 Metaspace       used 18724K, capacity 19288K, committed 19584K, reserved 1067008K
  class space    used 2104K, capacity 2326K, committed 2432K, reserved 1048576K
}
Event: 732.679 GC heap after
{Heap after GC invocations=106 (full 0):
 garbage-first heap   total 367616K, used 348633K [0x0000000780000000, 0x0000000800000000)
  region size 1024K, 1 young (1024K), 1 survivors (1024K)
 Metaspace       used 18724K, capacity 19288K, committed 19584K, reserved 1067008K
  class space    used 2104K, capacity 2326K, committed 2432K, reserved 1048576K
}
Event: 756.041 GC heap before
{Heap before GC invocations=107 (full 0):
 garbage-first heap   total 367616K, used 365017K [0x0000000780000000, 0x0000000800000000)
  region size 1024K, 17 young (17408K), 1 survivors (1024K)
 Metaspace       used 18724K, capacity 19288K, committed 19584K, reserved 1067008K
  class space    used 2104K, capacity 2326K, committed 2432K, reserved 1048576K
}
Event: 756.044 GC heap after
{Heap after GC invocations=108 (full 0):
 garbage-first heap   total 367616K, used 348636K [0x0000000780000000, 0x0000000800000000)
  region size 1024K, 1 young (1024K), 1 survivors (1024K)
 Metaspace       used 18724K, capacity 19288K, committed 19584K, reserved 1067008K
  class space    used 2104K, capacity 2326K, committed 2432K, reserved 1048576K
}
Event: 779.358 GC heap before
{Heap before GC invocations=108 (full 0):
 garbage-first heap   total 367616K, used 365020K [0x0000000780000000, 0x0000000800000000)
  region size 1024K, 17 young (17408K), 1 survivors (1024K)
 Metaspace       used 18724K, capacity 19288K, committed 19584K, reserved 1067008K
  class space    used 2104K, capacity 2326K, committed 2432K, reserved 1048576K
}
Event: 779.363 GC heap after
{Heap after GC invocations=109 (full 0):
 garbage-first heap   total 367616K, used 348640K [0x0000000780000000, 0x0000000800000000)
  region size 1024K, 1 young (1024K), 1 survivors (1024K)
 Metaspace       used 18724K, capacity 19288K, committed 19584K, reserved 1067008K
  class space    used 2104K, capacity 2326K, committed 2432K, reserved 1048576K
}
Event: 802.691 GC heap before
{Heap before GC invocations=110 (full 0):
 garbage-first heap   total 367616K, used 365024K [0x0000000780000000, 0x0000000800000000)
  region size 1024K, 17 young (17408K), 1 survivors (1024K)
 Metaspace       used 18724K, capacity 19288K, committed 19584K, reserved 1067008K
  class space    used 2104K, capacity 2326K, committed 2432K, reserved 1048576K
}
Event: 802.693 GC heap after
{Heap after GC invocations=111 (full 0):
 garbage-first heap   total 367616K, used 348636K [0x0000000780000000, 0x0000000800000000)
  region size 1024K, 1 young (1024K), 1 survivors (1024K)
 Metaspace       used 18724K, capacity 19288K, committed 19584K, reserved 1067008K
  class space    used 2104K, capacity 2326K, committed 2432K, reserved 1048576K
}
Event: 826.007 GC heap before
{Heap before GC invocations=111 (full 0):
 garbage-first heap   total 367616K, used 365020K [0x0000000780000000, 0x0000000800000000)
  region size 1024K, 17 young (17408K), 1 survivors (1024K)
 Metaspace       used 18724K, capacity 19288K, committed 19584K, reserved 1067008K
  class space    used 2104K, capacity 2326K, committed 2432K, reserved 1048576K
}
Event: 826.009 GC heap after
{Heap after GC invocations=112 (full 0):
 garbage-first heap   total 367616K, used 348638K [0x0000000780000000, 0x0000000800000000)
  region size 1024K, 1 young (1024K), 1 survivors (1024K)
 Metaspace       used 18724K, capacity 19288K, committed 19584K, reserved 1067008K
  class space    used 2104K, capacity 2326K, committed 2432K, reserved 1048576K
}
Event: 849.359 GC heap before
{Heap before GC invocations=113 (full 0):
 garbage-first heap   total 367616K, used 365022K [0x0000000780000000, 0x0000000800000000)
  region size 1024K, 17 young (17408K), 1 survivors (1024K)
 Metaspace       used 18724K, capacity 19288K, committed 19584K, reserved 1067008K
  class space    used 2104K, capacity 2326K, committed 2432K, reserved 1048576K
}
Event: 849.362 GC heap after
{Heap after GC invocations=114 (full 0):
 garbage-first heap   total 367616K, used 348636K [0x0000000780000000, 0x0000000800000000)
  region size 1024K, 1 young (1024K), 1 survivors (1024K)
 Metaspace       used 18724K, capacity 19288K, committed 19584K, reserved 1067008K
  class space    used 2104K, capacity 2326K, committed 2432K, reserved 1048576K
}

